<?xml version="1.0" encoding="UTF-8"?>
<!-- Generated by org.testng.reporters.JUnitXMLReporter -->
<testsuite hostname="Prabu-iMac.local" name="Regression Test Suite" tests="40" failures="16" timestamp="19 Feb 2015 07:08:03 GMT" time="1493.296" errors="0">
  <testcase name="createBlacklisted" time="79.28" classname="com.bnpp.source.ManageBeneficiaries"/>
  <testcase name="createWhitelisted" time="18.292" classname="com.bnpp.source.ManageBeneficiaries"/>
  <testcase name="modify" time="37.559" classname="com.bnpp.source.ManageBeneficiaries"/>
  <testcase name="delete" time="14.845" classname="com.bnpp.source.ManageBeneficiaries"/>
  <testcase name="searchfilter" time="31.91" classname="com.bnpp.source.ManageBeneficiaries"/>
  <testcase name="whitelistedbmToSCT" time="30.39" classname="com.bnpp.source.ManageBeneficiaries">
    <failure type="org.openqa.selenium.WebDriverException" message="unknown error: Element is not clickable at point (386, 416). Other element would receive the click: &amp;lt;span class=&amp;quot;optgroup-name&amp;quot;&amp;gt;...&amp;lt;/span&amp;gt;
  (Session info: chrome=40.0.2214.111)
  (Driver info: chromedriver=2.12.301326 (093c7e07b4a916b690e784b0374c7f618f1ea4be),platform=Mac OS X 10.9.5 x86_64) (WARNING: The server did not provide any stacktrace information)
Command duration or timeout: 28 milliseconds
Build info: version: &amp;apos;2.43.1&amp;apos;, revision: &amp;apos;5163bce&amp;apos;, time: &amp;apos;2014-09-10 16:27:58&amp;apos;
System info: host: &amp;apos;Prabu-iMac.local&amp;apos;, ip: &amp;apos;10.3.0.144&amp;apos;, os.name: &amp;apos;Mac OS X&amp;apos;, os.arch: &amp;apos;x86_64&amp;apos;, os.version: &amp;apos;10.9.5&amp;apos;, java.version: &amp;apos;1.6.0_65&amp;apos;
Session ID: 287c4eebd783d783c49d1c9d26fc636e
Driver info: org.openqa.selenium.chrome.ChromeDriver
Capabilities [{platform=MAC, acceptSslCerts=true, javascriptEnabled=true, browserName=chrome, chrome={userDataDir=/var/folders/2h/t6xhcp2137z2cpkc9_qkjmwh0000gn/T/.org.chromium.Chromium.xEH8xA}, rotatable=false, locationContextEnabled=true, mobileEmulationEnabled=false, version=40.0.2214.111, takesHeapSnapshot=true, cssSelectorsEnabled=true, databaseEnabled=false, handlesAlerts=true, browserConnectionEnabled=false, nativeEvents=true, webStorageEnabled=true, applicationCacheEnabled=false, takesScreenshot=true}]">
      <![CDATA[org.openqa.selenium.WebDriverException: unknown error: Element is not clickable at point (386, 416). Other element would receive the click: <span class="optgroup-name">...</span>
  (Session info: chrome=40.0.2214.111)
  (Driver info: chromedriver=2.12.301326 (093c7e07b4a916b690e784b0374c7f618f1ea4be),platform=Mac OS X 10.9.5 x86_64) (WARNING: The server did not provide any stacktrace information)
Command duration or timeout: 28 milliseconds
Build info: version: '2.43.1', revision: '5163bce', time: '2014-09-10 16:27:58'
System info: host: 'Prabu-iMac.local', ip: '10.3.0.144', os.name: 'Mac OS X', os.arch: 'x86_64', os.version: '10.9.5', java.version: '1.6.0_65'
Session ID: 287c4eebd783d783c49d1c9d26fc636e
Driver info: org.openqa.selenium.chrome.ChromeDriver
Capabilities [{platform=MAC, acceptSslCerts=true, javascriptEnabled=true, browserName=chrome, chrome={userDataDir=/var/folders/2h/t6xhcp2137z2cpkc9_qkjmwh0000gn/T/.org.chromium.Chromium.xEH8xA}, rotatable=false, locationContextEnabled=true, mobileEmulationEnabled=false, version=40.0.2214.111, takesHeapSnapshot=true, cssSelectorsEnabled=true, databaseEnabled=false, handlesAlerts=true, browserConnectionEnabled=false, nativeEvents=true, webStorageEnabled=true, applicationCacheEnabled=false, takesScreenshot=true}]
	at org.openqa.selenium.remote.ErrorHandler.createThrowable(ErrorHandler.java:204)
	at org.openqa.selenium.remote.ErrorHandler.throwIfResponseFailed(ErrorHandler.java:156)
	at org.openqa.selenium.remote.RemoteWebDriver.execute(RemoteWebDriver.java:599)
	at org.openqa.selenium.remote.RemoteWebElement.execute(RemoteWebElement.java:268)
	at org.openqa.selenium.remote.RemoteWebElement.click(RemoteWebElement.java:79)
	at com.bnpp.source.ManageBeneficiaries.whitelistedbmToSCT(ManageBeneficiaries.java:784)
... Removed 28 stack frames]]>
    </failure>
  </testcase> <!-- whitelistedbmToSCT -->
  <testcase name="bmTosct" time="0.036" classname="com.bnpp.source.ManageBeneficiaries">
    <failure type="org.openqa.selenium.WebDriverException" message="unknown error: Element is not clickable at point (124, 40). Other element would receive the click: &amp;lt;div class=&amp;quot;modal carousel-modal  selectionlist-modal auto-height in&amp;quot; id=&amp;quot;sf-gen-4&amp;quot; tabindex=&amp;quot;-1&amp;quot; role=&amp;quot;dialog&amp;quot; aria-labelledby=&amp;quot;myModalLabel&amp;quot; aria-hidden=&amp;quot;false&amp;quot; style=&amp;quot;display: block;&amp;quot;&amp;gt;...&amp;lt;/div&amp;gt;
  (Session info: chrome=40.0.2214.111)
  (Driver info: chromedriver=2.12.301326 (093c7e07b4a916b690e784b0374c7f618f1ea4be),platform=Mac OS X 10.9.5 x86_64) (WARNING: The server did not provide any stacktrace information)
Command duration or timeout: 24 milliseconds
Build info: version: &amp;apos;2.43.1&amp;apos;, revision: &amp;apos;5163bce&amp;apos;, time: &amp;apos;2014-09-10 16:27:58&amp;apos;
System info: host: &amp;apos;Prabu-iMac.local&amp;apos;, ip: &amp;apos;10.3.0.144&amp;apos;, os.name: &amp;apos;Mac OS X&amp;apos;, os.arch: &amp;apos;x86_64&amp;apos;, os.version: &amp;apos;10.9.5&amp;apos;, java.version: &amp;apos;1.6.0_65&amp;apos;
Session ID: 287c4eebd783d783c49d1c9d26fc636e
Driver info: org.openqa.selenium.chrome.ChromeDriver
Capabilities [{platform=MAC, acceptSslCerts=true, javascriptEnabled=true, browserName=chrome, chrome={userDataDir=/var/folders/2h/t6xhcp2137z2cpkc9_qkjmwh0000gn/T/.org.chromium.Chromium.xEH8xA}, rotatable=false, locationContextEnabled=true, mobileEmulationEnabled=false, version=40.0.2214.111, takesHeapSnapshot=true, cssSelectorsEnabled=true, databaseEnabled=false, handlesAlerts=true, browserConnectionEnabled=false, nativeEvents=true, webStorageEnabled=true, applicationCacheEnabled=false, takesScreenshot=true}]">
      <![CDATA[org.openqa.selenium.WebDriverException: unknown error: Element is not clickable at point (124, 40). Other element would receive the click: <div class="modal carousel-modal  selectionlist-modal auto-height in" id="sf-gen-4" tabindex="-1" role="dialog" aria-labelledby="myModalLabel" aria-hidden="false" style="display: block;">...</div>
  (Session info: chrome=40.0.2214.111)
  (Driver info: chromedriver=2.12.301326 (093c7e07b4a916b690e784b0374c7f618f1ea4be),platform=Mac OS X 10.9.5 x86_64) (WARNING: The server did not provide any stacktrace information)
Command duration or timeout: 24 milliseconds
Build info: version: '2.43.1', revision: '5163bce', time: '2014-09-10 16:27:58'
System info: host: 'Prabu-iMac.local', ip: '10.3.0.144', os.name: 'Mac OS X', os.arch: 'x86_64', os.version: '10.9.5', java.version: '1.6.0_65'
Session ID: 287c4eebd783d783c49d1c9d26fc636e
Driver info: org.openqa.selenium.chrome.ChromeDriver
Capabilities [{platform=MAC, acceptSslCerts=true, javascriptEnabled=true, browserName=chrome, chrome={userDataDir=/var/folders/2h/t6xhcp2137z2cpkc9_qkjmwh0000gn/T/.org.chromium.Chromium.xEH8xA}, rotatable=false, locationContextEnabled=true, mobileEmulationEnabled=false, version=40.0.2214.111, takesHeapSnapshot=true, cssSelectorsEnabled=true, databaseEnabled=false, handlesAlerts=true, browserConnectionEnabled=false, nativeEvents=true, webStorageEnabled=true, applicationCacheEnabled=false, takesScreenshot=true}]
	at org.openqa.selenium.remote.ErrorHandler.createThrowable(ErrorHandler.java:204)
	at org.openqa.selenium.remote.ErrorHandler.throwIfResponseFailed(ErrorHandler.java:156)
	at org.openqa.selenium.remote.RemoteWebDriver.execute(RemoteWebDriver.java:599)
	at org.openqa.selenium.remote.RemoteWebElement.execute(RemoteWebElement.java:268)
	at org.openqa.selenium.remote.RemoteWebElement.click(RemoteWebElement.java:79)
	at com.bnpp.source.ManageBeneficiaries.bmTosct(ManageBeneficiaries.java:836)
... Removed 28 stack frames]]>
    </failure>
  </testcase> <!-- bmTosct -->
  <testcase name="bmFavourite" time="0.036" classname="com.bnpp.source.ManageBeneficiaries">
    <failure type="org.openqa.selenium.WebDriverException" message="unknown error: Element is not clickable at point (124, 40). Other element would receive the click: &amp;lt;div class=&amp;quot;modal carousel-modal  selectionlist-modal auto-height in&amp;quot; id=&amp;quot;sf-gen-4&amp;quot; tabindex=&amp;quot;-1&amp;quot; role=&amp;quot;dialog&amp;quot; aria-labelledby=&amp;quot;myModalLabel&amp;quot; aria-hidden=&amp;quot;false&amp;quot; style=&amp;quot;display: block;&amp;quot;&amp;gt;...&amp;lt;/div&amp;gt;
  (Session info: chrome=40.0.2214.111)
  (Driver info: chromedriver=2.12.301326 (093c7e07b4a916b690e784b0374c7f618f1ea4be),platform=Mac OS X 10.9.5 x86_64) (WARNING: The server did not provide any stacktrace information)
Command duration or timeout: 18 milliseconds
Build info: version: &amp;apos;2.43.1&amp;apos;, revision: &amp;apos;5163bce&amp;apos;, time: &amp;apos;2014-09-10 16:27:58&amp;apos;
System info: host: &amp;apos;Prabu-iMac.local&amp;apos;, ip: &amp;apos;10.3.0.144&amp;apos;, os.name: &amp;apos;Mac OS X&amp;apos;, os.arch: &amp;apos;x86_64&amp;apos;, os.version: &amp;apos;10.9.5&amp;apos;, java.version: &amp;apos;1.6.0_65&amp;apos;
Session ID: 287c4eebd783d783c49d1c9d26fc636e
Driver info: org.openqa.selenium.chrome.ChromeDriver
Capabilities [{platform=MAC, acceptSslCerts=true, javascriptEnabled=true, browserName=chrome, chrome={userDataDir=/var/folders/2h/t6xhcp2137z2cpkc9_qkjmwh0000gn/T/.org.chromium.Chromium.xEH8xA}, rotatable=false, locationContextEnabled=true, mobileEmulationEnabled=false, version=40.0.2214.111, takesHeapSnapshot=true, cssSelectorsEnabled=true, databaseEnabled=false, handlesAlerts=true, browserConnectionEnabled=false, nativeEvents=true, webStorageEnabled=true, applicationCacheEnabled=false, takesScreenshot=true}]">
      <![CDATA[org.openqa.selenium.WebDriverException: unknown error: Element is not clickable at point (124, 40). Other element would receive the click: <div class="modal carousel-modal  selectionlist-modal auto-height in" id="sf-gen-4" tabindex="-1" role="dialog" aria-labelledby="myModalLabel" aria-hidden="false" style="display: block;">...</div>
  (Session info: chrome=40.0.2214.111)
  (Driver info: chromedriver=2.12.301326 (093c7e07b4a916b690e784b0374c7f618f1ea4be),platform=Mac OS X 10.9.5 x86_64) (WARNING: The server did not provide any stacktrace information)
Command duration or timeout: 18 milliseconds
Build info: version: '2.43.1', revision: '5163bce', time: '2014-09-10 16:27:58'
System info: host: 'Prabu-iMac.local', ip: '10.3.0.144', os.name: 'Mac OS X', os.arch: 'x86_64', os.version: '10.9.5', java.version: '1.6.0_65'
Session ID: 287c4eebd783d783c49d1c9d26fc636e
Driver info: org.openqa.selenium.chrome.ChromeDriver
Capabilities [{platform=MAC, acceptSslCerts=true, javascriptEnabled=true, browserName=chrome, chrome={userDataDir=/var/folders/2h/t6xhcp2137z2cpkc9_qkjmwh0000gn/T/.org.chromium.Chromium.xEH8xA}, rotatable=false, locationContextEnabled=true, mobileEmulationEnabled=false, version=40.0.2214.111, takesHeapSnapshot=true, cssSelectorsEnabled=true, databaseEnabled=false, handlesAlerts=true, browserConnectionEnabled=false, nativeEvents=true, webStorageEnabled=true, applicationCacheEnabled=false, takesScreenshot=true}]
	at org.openqa.selenium.remote.ErrorHandler.createThrowable(ErrorHandler.java:204)
	at org.openqa.selenium.remote.ErrorHandler.throwIfResponseFailed(ErrorHandler.java:156)
	at org.openqa.selenium.remote.RemoteWebDriver.execute(RemoteWebDriver.java:599)
	at org.openqa.selenium.remote.RemoteWebElement.execute(RemoteWebElement.java:268)
	at org.openqa.selenium.remote.RemoteWebElement.click(RemoteWebElement.java:79)
	at com.bnpp.source.ManageBeneficiaries.bmFavourite(ManageBeneficiaries.java:964)
... Removed 28 stack frames]]>
    </failure>
  </testcase> <!-- bmFavourite -->
  <testcase name="faq" time="51.259" classname="com.bnpp.source.FAQ">
    <failure type="java.lang.AssertionError" message="expected [false] but found [true]">
      <![CDATA[java.lang.AssertionError: expected [false] but found [true]
	at com.bnpp.source.FAQ.faq(FAQ.java:172)
... Removed 29 stack frames]]>
    </failure>
  </testcase> <!-- faq -->
  <testcase name="faqSearch" time="10.812" classname="com.bnpp.source.FAQ"/>
  <testcase name="deletetheProfile" time="63.106" classname="com.bnpp.source.LoginModule"/>
  <testcase name="StoretheProfile" time="63.475" classname="com.bnpp.source.LoginModule"/>
  <testcase name="createStandingOrders1" time="112.469" classname="com.bnpp.source.StandingOrders"/>
  <testcase name="createStandingOrders2" time="38.647" classname="com.bnpp.source.StandingOrders"/>
  <testcase name="createStandingOrders3" time="47.283" classname="com.bnpp.source.StandingOrders"/>
  <testcase name="modifyStandingOrders" time="34.267" classname="com.bnpp.source.StandingOrders"/>
  <testcase name="deleteStandingOrders" time="29.317" classname="com.bnpp.source.StandingOrders"/>
  <testcase name="printcreatedSTO" time="126.307" classname="com.bnpp.source.StandingOrders">
    <failure type="org.openqa.selenium.TimeoutException" message="Timed out after 30 seconds waiting for element to no longer be visible: By.className: progressing
Build info: version: &amp;apos;2.43.1&amp;apos;, revision: &amp;apos;5163bce&amp;apos;, time: &amp;apos;2014-09-10 16:27:58&amp;apos;
System info: host: &amp;apos;Prabu-iMac.local&amp;apos;, ip: &amp;apos;10.3.0.144&amp;apos;, os.name: &amp;apos;Mac OS X&amp;apos;, os.arch: &amp;apos;x86_64&amp;apos;, os.version: &amp;apos;10.9.5&amp;apos;, java.version: &amp;apos;1.6.0_65&amp;apos;
Session ID: 496f9102e8c032d789b6f238f4af243d
Driver info: org.openqa.selenium.chrome.ChromeDriver
Capabilities [{platform=MAC, acceptSslCerts=true, javascriptEnabled=true, browserName=chrome, chrome={userDataDir=/var/folders/2h/t6xhcp2137z2cpkc9_qkjmwh0000gn/T/.org.chromium.Chromium.3Mk1vf}, rotatable=false, locationContextEnabled=true, mobileEmulationEnabled=false, version=40.0.2214.111, takesHeapSnapshot=true, cssSelectorsEnabled=true, databaseEnabled=false, handlesAlerts=true, browserConnectionEnabled=false, nativeEvents=true, webStorageEnabled=true, applicationCacheEnabled=false, takesScreenshot=true}]">
      <![CDATA[org.openqa.selenium.TimeoutException: Timed out after 30 seconds waiting for element to no longer be visible: By.className: progressing
Build info: version: '2.43.1', revision: '5163bce', time: '2014-09-10 16:27:58'
System info: host: 'Prabu-iMac.local', ip: '10.3.0.144', os.name: 'Mac OS X', os.arch: 'x86_64', os.version: '10.9.5', java.version: '1.6.0_65'
Session ID: 496f9102e8c032d789b6f238f4af243d
Driver info: org.openqa.selenium.chrome.ChromeDriver
Capabilities [{platform=MAC, acceptSslCerts=true, javascriptEnabled=true, browserName=chrome, chrome={userDataDir=/var/folders/2h/t6xhcp2137z2cpkc9_qkjmwh0000gn/T/.org.chromium.Chromium.3Mk1vf}, rotatable=false, locationContextEnabled=true, mobileEmulationEnabled=false, version=40.0.2214.111, takesHeapSnapshot=true, cssSelectorsEnabled=true, databaseEnabled=false, handlesAlerts=true, browserConnectionEnabled=false, nativeEvents=true, webStorageEnabled=true, applicationCacheEnabled=false, takesScreenshot=true}]
	at org.openqa.selenium.support.ui.WebDriverWait.timeoutException(WebDriverWait.java:79)
	at org.openqa.selenium.support.ui.FluentWait.until(FluentWait.java:228)
	at com.bnpp.source.StandingOrders.modifyStandingOrders(StandingOrders.java:550)
	at com.bnpp.source.StandingOrders.printcreatedSTO(StandingOrders.java:777)
... Removed 24 stack frames]]>
    </failure>
  </testcase> <!-- printcreatedSTO -->
  <testcase name="Pendingtransaction" time="87.846" classname="com.bnpp.source.Transactions"/>
  <testcase name="Rejectedtransaction" time="23.284" classname="com.bnpp.source.Transactions"/>
  <testcase name="plannedtransaction" time="17.972" classname="com.bnpp.source.Transactions"/>
  <testcase name="bookedSearch" time="19.737" classname="com.bnpp.source.Transactions"/>
  <testcase name="bookedFilter" time="35.267" classname="com.bnpp.source.Transactions"/>
  <testcase name="transactionStatementsTab" time="66.499" classname="com.bnpp.source.Transactions"/>
  <testcase name="transactiondetailsTab" time="5.173" classname="com.bnpp.source.Transactions"/>
  <testcase name="transactionsToSCT" time="44.453" classname="com.bnpp.source.Transactions"/>
  <testcase name="transactionsToSTO" time="42.519" classname="com.bnpp.source.Transactions"/>
  <testcase name="transactionsToSepaDD" time="46.361" classname="com.bnpp.source.Transactions"/>
  <testcase name="printbooked" time="29.264" classname="com.bnpp.source.Transactions"/>
  <testcase name="zoomitInvoices1" time="44.024" classname="com.bnpp.source.Zoomit">
    <failure type="org.openqa.selenium.WebDriverException" message="unknown error: Element is not clickable at point (712, 55). Other element would receive the click: &amp;lt;div class=&amp;quot;progressing show_active&amp;quot;&amp;gt;...&amp;lt;/div&amp;gt;
  (Session info: chrome=40.0.2214.111)
  (Driver info: chromedriver=2.12.301326 (093c7e07b4a916b690e784b0374c7f618f1ea4be),platform=Mac OS X 10.9.5 x86_64) (WARNING: The server did not provide any stacktrace information)
Command duration or timeout: 24 milliseconds
Build info: version: &amp;apos;2.43.1&amp;apos;, revision: &amp;apos;5163bce&amp;apos;, time: &amp;apos;2014-09-10 16:27:58&amp;apos;
System info: host: &amp;apos;Prabu-iMac.local&amp;apos;, ip: &amp;apos;10.3.0.144&amp;apos;, os.name: &amp;apos;Mac OS X&amp;apos;, os.arch: &amp;apos;x86_64&amp;apos;, os.version: &amp;apos;10.9.5&amp;apos;, java.version: &amp;apos;1.6.0_65&amp;apos;
Session ID: a939f551ac702bbd86d924dfb6e1e4d4
Driver info: org.openqa.selenium.chrome.ChromeDriver
Capabilities [{platform=MAC, acceptSslCerts=true, javascriptEnabled=true, browserName=chrome, chrome={userDataDir=/var/folders/2h/t6xhcp2137z2cpkc9_qkjmwh0000gn/T/.org.chromium.Chromium.W45VOY}, rotatable=false, locationContextEnabled=true, mobileEmulationEnabled=false, version=40.0.2214.111, takesHeapSnapshot=true, cssSelectorsEnabled=true, databaseEnabled=false, handlesAlerts=true, browserConnectionEnabled=false, nativeEvents=true, webStorageEnabled=true, applicationCacheEnabled=false, takesScreenshot=true}]">
      <![CDATA[org.openqa.selenium.WebDriverException: unknown error: Element is not clickable at point (712, 55). Other element would receive the click: <div class="progressing show_active">...</div>
  (Session info: chrome=40.0.2214.111)
  (Driver info: chromedriver=2.12.301326 (093c7e07b4a916b690e784b0374c7f618f1ea4be),platform=Mac OS X 10.9.5 x86_64) (WARNING: The server did not provide any stacktrace information)
Command duration or timeout: 24 milliseconds
Build info: version: '2.43.1', revision: '5163bce', time: '2014-09-10 16:27:58'
System info: host: 'Prabu-iMac.local', ip: '10.3.0.144', os.name: 'Mac OS X', os.arch: 'x86_64', os.version: '10.9.5', java.version: '1.6.0_65'
Session ID: a939f551ac702bbd86d924dfb6e1e4d4
Driver info: org.openqa.selenium.chrome.ChromeDriver
Capabilities [{platform=MAC, acceptSslCerts=true, javascriptEnabled=true, browserName=chrome, chrome={userDataDir=/var/folders/2h/t6xhcp2137z2cpkc9_qkjmwh0000gn/T/.org.chromium.Chromium.W45VOY}, rotatable=false, locationContextEnabled=true, mobileEmulationEnabled=false, version=40.0.2214.111, takesHeapSnapshot=true, cssSelectorsEnabled=true, databaseEnabled=false, handlesAlerts=true, browserConnectionEnabled=false, nativeEvents=true, webStorageEnabled=true, applicationCacheEnabled=false, takesScreenshot=true}]
	at org.openqa.selenium.remote.ErrorHandler.createThrowable(ErrorHandler.java:204)
	at org.openqa.selenium.remote.ErrorHandler.throwIfResponseFailed(ErrorHandler.java:156)
	at org.openqa.selenium.remote.RemoteWebDriver.execute(RemoteWebDriver.java:599)
	at org.openqa.selenium.remote.RemoteWebElement.execute(RemoteWebElement.java:268)
	at org.openqa.selenium.remote.RemoteWebElement.click(RemoteWebElement.java:79)
	at com.bnpp.source.Zoomit.zoomitInvoices1(Zoomit.java:108)
... Removed 28 stack frames]]>
    </failure>
  </testcase> <!-- zoomitInvoices1 -->
  <testcase name="zoomitInvoices2" time="0.036" classname="com.bnpp.source.Zoomit">
    <failure type="org.openqa.selenium.WebDriverException" message="unknown error: Element is not clickable at point (124, 40). Other element would receive the click: &amp;lt;div class=&amp;quot;progressing show_active&amp;quot;&amp;gt;...&amp;lt;/div&amp;gt;
  (Session info: chrome=40.0.2214.111)
  (Driver info: chromedriver=2.12.301326 (093c7e07b4a916b690e784b0374c7f618f1ea4be),platform=Mac OS X 10.9.5 x86_64) (WARNING: The server did not provide any stacktrace information)
Command duration or timeout: 24 milliseconds
Build info: version: &amp;apos;2.43.1&amp;apos;, revision: &amp;apos;5163bce&amp;apos;, time: &amp;apos;2014-09-10 16:27:58&amp;apos;
System info: host: &amp;apos;Prabu-iMac.local&amp;apos;, ip: &amp;apos;10.3.0.144&amp;apos;, os.name: &amp;apos;Mac OS X&amp;apos;, os.arch: &amp;apos;x86_64&amp;apos;, os.version: &amp;apos;10.9.5&amp;apos;, java.version: &amp;apos;1.6.0_65&amp;apos;
Session ID: a939f551ac702bbd86d924dfb6e1e4d4
Driver info: org.openqa.selenium.chrome.ChromeDriver
Capabilities [{platform=MAC, acceptSslCerts=true, javascriptEnabled=true, browserName=chrome, chrome={userDataDir=/var/folders/2h/t6xhcp2137z2cpkc9_qkjmwh0000gn/T/.org.chromium.Chromium.W45VOY}, rotatable=false, locationContextEnabled=true, mobileEmulationEnabled=false, version=40.0.2214.111, takesHeapSnapshot=true, cssSelectorsEnabled=true, databaseEnabled=false, handlesAlerts=true, browserConnectionEnabled=false, nativeEvents=true, webStorageEnabled=true, applicationCacheEnabled=false, takesScreenshot=true}]">
      <![CDATA[org.openqa.selenium.WebDriverException: unknown error: Element is not clickable at point (124, 40). Other element would receive the click: <div class="progressing show_active">...</div>
  (Session info: chrome=40.0.2214.111)
  (Driver info: chromedriver=2.12.301326 (093c7e07b4a916b690e784b0374c7f618f1ea4be),platform=Mac OS X 10.9.5 x86_64) (WARNING: The server did not provide any stacktrace information)
Command duration or timeout: 24 milliseconds
Build info: version: '2.43.1', revision: '5163bce', time: '2014-09-10 16:27:58'
System info: host: 'Prabu-iMac.local', ip: '10.3.0.144', os.name: 'Mac OS X', os.arch: 'x86_64', os.version: '10.9.5', java.version: '1.6.0_65'
Session ID: a939f551ac702bbd86d924dfb6e1e4d4
Driver info: org.openqa.selenium.chrome.ChromeDriver
Capabilities [{platform=MAC, acceptSslCerts=true, javascriptEnabled=true, browserName=chrome, chrome={userDataDir=/var/folders/2h/t6xhcp2137z2cpkc9_qkjmwh0000gn/T/.org.chromium.Chromium.W45VOY}, rotatable=false, locationContextEnabled=true, mobileEmulationEnabled=false, version=40.0.2214.111, takesHeapSnapshot=true, cssSelectorsEnabled=true, databaseEnabled=false, handlesAlerts=true, browserConnectionEnabled=false, nativeEvents=true, webStorageEnabled=true, applicationCacheEnabled=false, takesScreenshot=true}]
	at org.openqa.selenium.remote.ErrorHandler.createThrowable(ErrorHandler.java:204)
	at org.openqa.selenium.remote.ErrorHandler.throwIfResponseFailed(ErrorHandler.java:156)
	at org.openqa.selenium.remote.RemoteWebDriver.execute(RemoteWebDriver.java:599)
	at org.openqa.selenium.remote.RemoteWebElement.execute(RemoteWebElement.java:268)
	at org.openqa.selenium.remote.RemoteWebElement.click(RemoteWebElement.java:79)
	at com.bnpp.source.Zoomit.zoomitInvoices2(Zoomit.java:251)
... Removed 28 stack frames]]>
    </failure>
  </testcase> <!-- zoomitInvoices2 -->
  <testcase name="zoomitInvoices3" time="0.029" classname="com.bnpp.source.Zoomit">
    <failure type="org.openqa.selenium.WebDriverException" message="unknown error: Element is not clickable at point (124, 40). Other element would receive the click: &amp;lt;div class=&amp;quot;progressing show_active&amp;quot;&amp;gt;...&amp;lt;/div&amp;gt;
  (Session info: chrome=40.0.2214.111)
  (Driver info: chromedriver=2.12.301326 (093c7e07b4a916b690e784b0374c7f618f1ea4be),platform=Mac OS X 10.9.5 x86_64) (WARNING: The server did not provide any stacktrace information)
Command duration or timeout: 17 milliseconds
Build info: version: &amp;apos;2.43.1&amp;apos;, revision: &amp;apos;5163bce&amp;apos;, time: &amp;apos;2014-09-10 16:27:58&amp;apos;
System info: host: &amp;apos;Prabu-iMac.local&amp;apos;, ip: &amp;apos;10.3.0.144&amp;apos;, os.name: &amp;apos;Mac OS X&amp;apos;, os.arch: &amp;apos;x86_64&amp;apos;, os.version: &amp;apos;10.9.5&amp;apos;, java.version: &amp;apos;1.6.0_65&amp;apos;
Session ID: a939f551ac702bbd86d924dfb6e1e4d4
Driver info: org.openqa.selenium.chrome.ChromeDriver
Capabilities [{platform=MAC, acceptSslCerts=true, javascriptEnabled=true, browserName=chrome, chrome={userDataDir=/var/folders/2h/t6xhcp2137z2cpkc9_qkjmwh0000gn/T/.org.chromium.Chromium.W45VOY}, rotatable=false, locationContextEnabled=true, mobileEmulationEnabled=false, version=40.0.2214.111, takesHeapSnapshot=true, cssSelectorsEnabled=true, databaseEnabled=false, handlesAlerts=true, browserConnectionEnabled=false, nativeEvents=true, webStorageEnabled=true, applicationCacheEnabled=false, takesScreenshot=true}]">
      <![CDATA[org.openqa.selenium.WebDriverException: unknown error: Element is not clickable at point (124, 40). Other element would receive the click: <div class="progressing show_active">...</div>
  (Session info: chrome=40.0.2214.111)
  (Driver info: chromedriver=2.12.301326 (093c7e07b4a916b690e784b0374c7f618f1ea4be),platform=Mac OS X 10.9.5 x86_64) (WARNING: The server did not provide any stacktrace information)
Command duration or timeout: 17 milliseconds
Build info: version: '2.43.1', revision: '5163bce', time: '2014-09-10 16:27:58'
System info: host: 'Prabu-iMac.local', ip: '10.3.0.144', os.name: 'Mac OS X', os.arch: 'x86_64', os.version: '10.9.5', java.version: '1.6.0_65'
Session ID: a939f551ac702bbd86d924dfb6e1e4d4
Driver info: org.openqa.selenium.chrome.ChromeDriver
Capabilities [{platform=MAC, acceptSslCerts=true, javascriptEnabled=true, browserName=chrome, chrome={userDataDir=/var/folders/2h/t6xhcp2137z2cpkc9_qkjmwh0000gn/T/.org.chromium.Chromium.W45VOY}, rotatable=false, locationContextEnabled=true, mobileEmulationEnabled=false, version=40.0.2214.111, takesHeapSnapshot=true, cssSelectorsEnabled=true, databaseEnabled=false, handlesAlerts=true, browserConnectionEnabled=false, nativeEvents=true, webStorageEnabled=true, applicationCacheEnabled=false, takesScreenshot=true}]
	at org.openqa.selenium.remote.ErrorHandler.createThrowable(ErrorHandler.java:204)
	at org.openqa.selenium.remote.ErrorHandler.throwIfResponseFailed(ErrorHandler.java:156)
	at org.openqa.selenium.remote.RemoteWebDriver.execute(RemoteWebDriver.java:599)
	at org.openqa.selenium.remote.RemoteWebElement.execute(RemoteWebElement.java:268)
	at org.openqa.selenium.remote.RemoteWebElement.click(RemoteWebElement.java:79)
	at com.bnpp.source.Zoomit.zoomitInvoices3(Zoomit.java:377)
... Removed 28 stack frames]]>
    </failure>
  </testcase> <!-- zoomitInvoices3 -->
  <testcase name="zoomitDirectdebit" time="0.018" classname="com.bnpp.source.Zoomit">
    <failure type="org.openqa.selenium.WebDriverException" message="unknown error: Element is not clickable at point (124, 40). Other element would receive the click: &amp;lt;div class=&amp;quot;progressing show_active&amp;quot;&amp;gt;...&amp;lt;/div&amp;gt;
  (Session info: chrome=40.0.2214.111)
  (Driver info: chromedriver=2.12.301326 (093c7e07b4a916b690e784b0374c7f618f1ea4be),platform=Mac OS X 10.9.5 x86_64) (WARNING: The server did not provide any stacktrace information)
Command duration or timeout: 13 milliseconds
Build info: version: &amp;apos;2.43.1&amp;apos;, revision: &amp;apos;5163bce&amp;apos;, time: &amp;apos;2014-09-10 16:27:58&amp;apos;
System info: host: &amp;apos;Prabu-iMac.local&amp;apos;, ip: &amp;apos;10.3.0.144&amp;apos;, os.name: &amp;apos;Mac OS X&amp;apos;, os.arch: &amp;apos;x86_64&amp;apos;, os.version: &amp;apos;10.9.5&amp;apos;, java.version: &amp;apos;1.6.0_65&amp;apos;
Session ID: a939f551ac702bbd86d924dfb6e1e4d4
Driver info: org.openqa.selenium.chrome.ChromeDriver
Capabilities [{platform=MAC, acceptSslCerts=true, javascriptEnabled=true, browserName=chrome, chrome={userDataDir=/var/folders/2h/t6xhcp2137z2cpkc9_qkjmwh0000gn/T/.org.chromium.Chromium.W45VOY}, rotatable=false, locationContextEnabled=true, mobileEmulationEnabled=false, version=40.0.2214.111, takesHeapSnapshot=true, cssSelectorsEnabled=true, databaseEnabled=false, handlesAlerts=true, browserConnectionEnabled=false, nativeEvents=true, webStorageEnabled=true, applicationCacheEnabled=false, takesScreenshot=true}]">
      <![CDATA[org.openqa.selenium.WebDriverException: unknown error: Element is not clickable at point (124, 40). Other element would receive the click: <div class="progressing show_active">...</div>
  (Session info: chrome=40.0.2214.111)
  (Driver info: chromedriver=2.12.301326 (093c7e07b4a916b690e784b0374c7f618f1ea4be),platform=Mac OS X 10.9.5 x86_64) (WARNING: The server did not provide any stacktrace information)
Command duration or timeout: 13 milliseconds
Build info: version: '2.43.1', revision: '5163bce', time: '2014-09-10 16:27:58'
System info: host: 'Prabu-iMac.local', ip: '10.3.0.144', os.name: 'Mac OS X', os.arch: 'x86_64', os.version: '10.9.5', java.version: '1.6.0_65'
Session ID: a939f551ac702bbd86d924dfb6e1e4d4
Driver info: org.openqa.selenium.chrome.ChromeDriver
Capabilities [{platform=MAC, acceptSslCerts=true, javascriptEnabled=true, browserName=chrome, chrome={userDataDir=/var/folders/2h/t6xhcp2137z2cpkc9_qkjmwh0000gn/T/.org.chromium.Chromium.W45VOY}, rotatable=false, locationContextEnabled=true, mobileEmulationEnabled=false, version=40.0.2214.111, takesHeapSnapshot=true, cssSelectorsEnabled=true, databaseEnabled=false, handlesAlerts=true, browserConnectionEnabled=false, nativeEvents=true, webStorageEnabled=true, applicationCacheEnabled=false, takesScreenshot=true}]
	at org.openqa.selenium.remote.ErrorHandler.createThrowable(ErrorHandler.java:204)
	at org.openqa.selenium.remote.ErrorHandler.throwIfResponseFailed(ErrorHandler.java:156)
	at org.openqa.selenium.remote.RemoteWebDriver.execute(RemoteWebDriver.java:599)
	at org.openqa.selenium.remote.RemoteWebElement.execute(RemoteWebElement.java:268)
	at org.openqa.selenium.remote.RemoteWebElement.click(RemoteWebElement.java:79)
	at com.bnpp.source.Zoomit.zoomitDirectdebit(Zoomit.java:489)
... Removed 28 stack frames]]>
    </failure>
  </testcase> <!-- zoomitDirectdebit -->
  <testcase name="zoomitSenders" time="0.015" classname="com.bnpp.source.Zoomit">
    <failure type="org.openqa.selenium.WebDriverException" message="unknown error: Element is not clickable at point (124, 40). Other element would receive the click: &amp;lt;div class=&amp;quot;progressing show_active&amp;quot;&amp;gt;...&amp;lt;/div&amp;gt;
  (Session info: chrome=40.0.2214.111)
  (Driver info: chromedriver=2.12.301326 (093c7e07b4a916b690e784b0374c7f618f1ea4be),platform=Mac OS X 10.9.5 x86_64) (WARNING: The server did not provide any stacktrace information)
Command duration or timeout: 11 milliseconds
Build info: version: &amp;apos;2.43.1&amp;apos;, revision: &amp;apos;5163bce&amp;apos;, time: &amp;apos;2014-09-10 16:27:58&amp;apos;
System info: host: &amp;apos;Prabu-iMac.local&amp;apos;, ip: &amp;apos;10.3.0.144&amp;apos;, os.name: &amp;apos;Mac OS X&amp;apos;, os.arch: &amp;apos;x86_64&amp;apos;, os.version: &amp;apos;10.9.5&amp;apos;, java.version: &amp;apos;1.6.0_65&amp;apos;
Session ID: a939f551ac702bbd86d924dfb6e1e4d4
Driver info: org.openqa.selenium.chrome.ChromeDriver
Capabilities [{platform=MAC, acceptSslCerts=true, javascriptEnabled=true, browserName=chrome, chrome={userDataDir=/var/folders/2h/t6xhcp2137z2cpkc9_qkjmwh0000gn/T/.org.chromium.Chromium.W45VOY}, rotatable=false, locationContextEnabled=true, mobileEmulationEnabled=false, version=40.0.2214.111, takesHeapSnapshot=true, cssSelectorsEnabled=true, databaseEnabled=false, handlesAlerts=true, browserConnectionEnabled=false, nativeEvents=true, webStorageEnabled=true, applicationCacheEnabled=false, takesScreenshot=true}]">
      <![CDATA[org.openqa.selenium.WebDriverException: unknown error: Element is not clickable at point (124, 40). Other element would receive the click: <div class="progressing show_active">...</div>
  (Session info: chrome=40.0.2214.111)
  (Driver info: chromedriver=2.12.301326 (093c7e07b4a916b690e784b0374c7f618f1ea4be),platform=Mac OS X 10.9.5 x86_64) (WARNING: The server did not provide any stacktrace information)
Command duration or timeout: 11 milliseconds
Build info: version: '2.43.1', revision: '5163bce', time: '2014-09-10 16:27:58'
System info: host: 'Prabu-iMac.local', ip: '10.3.0.144', os.name: 'Mac OS X', os.arch: 'x86_64', os.version: '10.9.5', java.version: '1.6.0_65'
Session ID: a939f551ac702bbd86d924dfb6e1e4d4
Driver info: org.openqa.selenium.chrome.ChromeDriver
Capabilities [{platform=MAC, acceptSslCerts=true, javascriptEnabled=true, browserName=chrome, chrome={userDataDir=/var/folders/2h/t6xhcp2137z2cpkc9_qkjmwh0000gn/T/.org.chromium.Chromium.W45VOY}, rotatable=false, locationContextEnabled=true, mobileEmulationEnabled=false, version=40.0.2214.111, takesHeapSnapshot=true, cssSelectorsEnabled=true, databaseEnabled=false, handlesAlerts=true, browserConnectionEnabled=false, nativeEvents=true, webStorageEnabled=true, applicationCacheEnabled=false, takesScreenshot=true}]
	at org.openqa.selenium.remote.ErrorHandler.createThrowable(ErrorHandler.java:204)
	at org.openqa.selenium.remote.ErrorHandler.throwIfResponseFailed(ErrorHandler.java:156)
	at org.openqa.selenium.remote.RemoteWebDriver.execute(RemoteWebDriver.java:599)
	at org.openqa.selenium.remote.RemoteWebElement.execute(RemoteWebElement.java:268)
	at org.openqa.selenium.remote.RemoteWebElement.click(RemoteWebElement.java:79)
	at com.bnpp.source.Zoomit.zoomitSenders(Zoomit.java:600)
... Removed 28 stack frames]]>
    </failure>
  </testcase> <!-- zoomitSenders -->
  <testcase name="zoomitPaySlips1" time="0.018" classname="com.bnpp.source.Zoomit">
    <failure type="org.openqa.selenium.WebDriverException" message="unknown error: Element is not clickable at point (124, 40). Other element would receive the click: &amp;lt;div class=&amp;quot;progressing show_active&amp;quot;&amp;gt;...&amp;lt;/div&amp;gt;
  (Session info: chrome=40.0.2214.111)
  (Driver info: chromedriver=2.12.301326 (093c7e07b4a916b690e784b0374c7f618f1ea4be),platform=Mac OS X 10.9.5 x86_64) (WARNING: The server did not provide any stacktrace information)
Command duration or timeout: 13 milliseconds
Build info: version: &amp;apos;2.43.1&amp;apos;, revision: &amp;apos;5163bce&amp;apos;, time: &amp;apos;2014-09-10 16:27:58&amp;apos;
System info: host: &amp;apos;Prabu-iMac.local&amp;apos;, ip: &amp;apos;10.3.0.144&amp;apos;, os.name: &amp;apos;Mac OS X&amp;apos;, os.arch: &amp;apos;x86_64&amp;apos;, os.version: &amp;apos;10.9.5&amp;apos;, java.version: &amp;apos;1.6.0_65&amp;apos;
Session ID: a939f551ac702bbd86d924dfb6e1e4d4
Driver info: org.openqa.selenium.chrome.ChromeDriver
Capabilities [{platform=MAC, acceptSslCerts=true, javascriptEnabled=true, browserName=chrome, chrome={userDataDir=/var/folders/2h/t6xhcp2137z2cpkc9_qkjmwh0000gn/T/.org.chromium.Chromium.W45VOY}, rotatable=false, locationContextEnabled=true, mobileEmulationEnabled=false, version=40.0.2214.111, takesHeapSnapshot=true, cssSelectorsEnabled=true, databaseEnabled=false, handlesAlerts=true, browserConnectionEnabled=false, nativeEvents=true, webStorageEnabled=true, applicationCacheEnabled=false, takesScreenshot=true}]">
      <![CDATA[org.openqa.selenium.WebDriverException: unknown error: Element is not clickable at point (124, 40). Other element would receive the click: <div class="progressing show_active">...</div>
  (Session info: chrome=40.0.2214.111)
  (Driver info: chromedriver=2.12.301326 (093c7e07b4a916b690e784b0374c7f618f1ea4be),platform=Mac OS X 10.9.5 x86_64) (WARNING: The server did not provide any stacktrace information)
Command duration or timeout: 13 milliseconds
Build info: version: '2.43.1', revision: '5163bce', time: '2014-09-10 16:27:58'
System info: host: 'Prabu-iMac.local', ip: '10.3.0.144', os.name: 'Mac OS X', os.arch: 'x86_64', os.version: '10.9.5', java.version: '1.6.0_65'
Session ID: a939f551ac702bbd86d924dfb6e1e4d4
Driver info: org.openqa.selenium.chrome.ChromeDriver
Capabilities [{platform=MAC, acceptSslCerts=true, javascriptEnabled=true, browserName=chrome, chrome={userDataDir=/var/folders/2h/t6xhcp2137z2cpkc9_qkjmwh0000gn/T/.org.chromium.Chromium.W45VOY}, rotatable=false, locationContextEnabled=true, mobileEmulationEnabled=false, version=40.0.2214.111, takesHeapSnapshot=true, cssSelectorsEnabled=true, databaseEnabled=false, handlesAlerts=true, browserConnectionEnabled=false, nativeEvents=true, webStorageEnabled=true, applicationCacheEnabled=false, takesScreenshot=true}]
	at org.openqa.selenium.remote.ErrorHandler.createThrowable(ErrorHandler.java:204)
	at org.openqa.selenium.remote.ErrorHandler.throwIfResponseFailed(ErrorHandler.java:156)
	at org.openqa.selenium.remote.RemoteWebDriver.execute(RemoteWebDriver.java:599)
	at org.openqa.selenium.remote.RemoteWebElement.execute(RemoteWebElement.java:268)
	at org.openqa.selenium.remote.RemoteWebElement.click(RemoteWebElement.java:79)
	at com.bnpp.source.Zoomit.zoomitPaySlips1(Zoomit.java:720)
... Removed 28 stack frames]]>
    </failure>
  </testcase> <!-- zoomitPaySlips1 -->
  <testcase name="zoomitPaySlips2" time="0.017" classname="com.bnpp.source.Zoomit">
    <failure type="org.openqa.selenium.WebDriverException" message="unknown error: Element is not clickable at point (124, 40). Other element would receive the click: &amp;lt;div class=&amp;quot;progressing show_active&amp;quot;&amp;gt;...&amp;lt;/div&amp;gt;
  (Session info: chrome=40.0.2214.111)
  (Driver info: chromedriver=2.12.301326 (093c7e07b4a916b690e784b0374c7f618f1ea4be),platform=Mac OS X 10.9.5 x86_64) (WARNING: The server did not provide any stacktrace information)
Command duration or timeout: 12 milliseconds
Build info: version: &amp;apos;2.43.1&amp;apos;, revision: &amp;apos;5163bce&amp;apos;, time: &amp;apos;2014-09-10 16:27:58&amp;apos;
System info: host: &amp;apos;Prabu-iMac.local&amp;apos;, ip: &amp;apos;10.3.0.144&amp;apos;, os.name: &amp;apos;Mac OS X&amp;apos;, os.arch: &amp;apos;x86_64&amp;apos;, os.version: &amp;apos;10.9.5&amp;apos;, java.version: &amp;apos;1.6.0_65&amp;apos;
Session ID: a939f551ac702bbd86d924dfb6e1e4d4
Driver info: org.openqa.selenium.chrome.ChromeDriver
Capabilities [{platform=MAC, acceptSslCerts=true, javascriptEnabled=true, browserName=chrome, chrome={userDataDir=/var/folders/2h/t6xhcp2137z2cpkc9_qkjmwh0000gn/T/.org.chromium.Chromium.W45VOY}, rotatable=false, locationContextEnabled=true, mobileEmulationEnabled=false, version=40.0.2214.111, takesHeapSnapshot=true, cssSelectorsEnabled=true, databaseEnabled=false, handlesAlerts=true, browserConnectionEnabled=false, nativeEvents=true, webStorageEnabled=true, applicationCacheEnabled=false, takesScreenshot=true}]">
      <![CDATA[org.openqa.selenium.WebDriverException: unknown error: Element is not clickable at point (124, 40). Other element would receive the click: <div class="progressing show_active">...</div>
  (Session info: chrome=40.0.2214.111)
  (Driver info: chromedriver=2.12.301326 (093c7e07b4a916b690e784b0374c7f618f1ea4be),platform=Mac OS X 10.9.5 x86_64) (WARNING: The server did not provide any stacktrace information)
Command duration or timeout: 12 milliseconds
Build info: version: '2.43.1', revision: '5163bce', time: '2014-09-10 16:27:58'
System info: host: 'Prabu-iMac.local', ip: '10.3.0.144', os.name: 'Mac OS X', os.arch: 'x86_64', os.version: '10.9.5', java.version: '1.6.0_65'
Session ID: a939f551ac702bbd86d924dfb6e1e4d4
Driver info: org.openqa.selenium.chrome.ChromeDriver
Capabilities [{platform=MAC, acceptSslCerts=true, javascriptEnabled=true, browserName=chrome, chrome={userDataDir=/var/folders/2h/t6xhcp2137z2cpkc9_qkjmwh0000gn/T/.org.chromium.Chromium.W45VOY}, rotatable=false, locationContextEnabled=true, mobileEmulationEnabled=false, version=40.0.2214.111, takesHeapSnapshot=true, cssSelectorsEnabled=true, databaseEnabled=false, handlesAlerts=true, browserConnectionEnabled=false, nativeEvents=true, webStorageEnabled=true, applicationCacheEnabled=false, takesScreenshot=true}]
	at org.openqa.selenium.remote.ErrorHandler.createThrowable(ErrorHandler.java:204)
	at org.openqa.selenium.remote.ErrorHandler.throwIfResponseFailed(ErrorHandler.java:156)
	at org.openqa.selenium.remote.RemoteWebDriver.execute(RemoteWebDriver.java:599)
	at org.openqa.selenium.remote.RemoteWebElement.execute(RemoteWebElement.java:268)
	at org.openqa.selenium.remote.RemoteWebElement.click(RemoteWebElement.java:79)
	at com.bnpp.source.Zoomit.zoomitPaySlips2(Zoomit.java:876)
... Removed 28 stack frames]]>
    </failure>
  </testcase> <!-- zoomitPaySlips2 -->
  <testcase name="zoomitPaySlips3" time="0.014" classname="com.bnpp.source.Zoomit">
    <failure type="org.openqa.selenium.WebDriverException" message="unknown error: Element is not clickable at point (124, 40). Other element would receive the click: &amp;lt;div class=&amp;quot;progressing show_active&amp;quot;&amp;gt;...&amp;lt;/div&amp;gt;
  (Session info: chrome=40.0.2214.111)
  (Driver info: chromedriver=2.12.301326 (093c7e07b4a916b690e784b0374c7f618f1ea4be),platform=Mac OS X 10.9.5 x86_64) (WARNING: The server did not provide any stacktrace information)
Command duration or timeout: 10 milliseconds
Build info: version: &amp;apos;2.43.1&amp;apos;, revision: &amp;apos;5163bce&amp;apos;, time: &amp;apos;2014-09-10 16:27:58&amp;apos;
System info: host: &amp;apos;Prabu-iMac.local&amp;apos;, ip: &amp;apos;10.3.0.144&amp;apos;, os.name: &amp;apos;Mac OS X&amp;apos;, os.arch: &amp;apos;x86_64&amp;apos;, os.version: &amp;apos;10.9.5&amp;apos;, java.version: &amp;apos;1.6.0_65&amp;apos;
Session ID: a939f551ac702bbd86d924dfb6e1e4d4
Driver info: org.openqa.selenium.chrome.ChromeDriver
Capabilities [{platform=MAC, acceptSslCerts=true, javascriptEnabled=true, browserName=chrome, chrome={userDataDir=/var/folders/2h/t6xhcp2137z2cpkc9_qkjmwh0000gn/T/.org.chromium.Chromium.W45VOY}, rotatable=false, locationContextEnabled=true, mobileEmulationEnabled=false, version=40.0.2214.111, takesHeapSnapshot=true, cssSelectorsEnabled=true, databaseEnabled=false, handlesAlerts=true, browserConnectionEnabled=false, nativeEvents=true, webStorageEnabled=true, applicationCacheEnabled=false, takesScreenshot=true}]">
      <![CDATA[org.openqa.selenium.WebDriverException: unknown error: Element is not clickable at point (124, 40). Other element would receive the click: <div class="progressing show_active">...</div>
  (Session info: chrome=40.0.2214.111)
  (Driver info: chromedriver=2.12.301326 (093c7e07b4a916b690e784b0374c7f618f1ea4be),platform=Mac OS X 10.9.5 x86_64) (WARNING: The server did not provide any stacktrace information)
Command duration or timeout: 10 milliseconds
Build info: version: '2.43.1', revision: '5163bce', time: '2014-09-10 16:27:58'
System info: host: 'Prabu-iMac.local', ip: '10.3.0.144', os.name: 'Mac OS X', os.arch: 'x86_64', os.version: '10.9.5', java.version: '1.6.0_65'
Session ID: a939f551ac702bbd86d924dfb6e1e4d4
Driver info: org.openqa.selenium.chrome.ChromeDriver
Capabilities [{platform=MAC, acceptSslCerts=true, javascriptEnabled=true, browserName=chrome, chrome={userDataDir=/var/folders/2h/t6xhcp2137z2cpkc9_qkjmwh0000gn/T/.org.chromium.Chromium.W45VOY}, rotatable=false, locationContextEnabled=true, mobileEmulationEnabled=false, version=40.0.2214.111, takesHeapSnapshot=true, cssSelectorsEnabled=true, databaseEnabled=false, handlesAlerts=true, browserConnectionEnabled=false, nativeEvents=true, webStorageEnabled=true, applicationCacheEnabled=false, takesScreenshot=true}]
	at org.openqa.selenium.remote.ErrorHandler.createThrowable(ErrorHandler.java:204)
	at org.openqa.selenium.remote.ErrorHandler.throwIfResponseFailed(ErrorHandler.java:156)
	at org.openqa.selenium.remote.RemoteWebDriver.execute(RemoteWebDriver.java:599)
	at org.openqa.selenium.remote.RemoteWebElement.execute(RemoteWebElement.java:268)
	at org.openqa.selenium.remote.RemoteWebElement.click(RemoteWebElement.java:79)
	at com.bnpp.source.Zoomit.zoomitPaySlips3(Zoomit.java:1001)
... Removed 28 stack frames]]>
    </failure>
  </testcase> <!-- zoomitPaySlips3 -->
  <testcase name="zoomitHistory" time="0.015" classname="com.bnpp.source.Zoomit">
    <failure type="org.openqa.selenium.WebDriverException" message="unknown error: Element is not clickable at point (124, 40). Other element would receive the click: &amp;lt;div class=&amp;quot;progressing show_active&amp;quot;&amp;gt;...&amp;lt;/div&amp;gt;
  (Session info: chrome=40.0.2214.111)
  (Driver info: chromedriver=2.12.301326 (093c7e07b4a916b690e784b0374c7f618f1ea4be),platform=Mac OS X 10.9.5 x86_64) (WARNING: The server did not provide any stacktrace information)
Command duration or timeout: 10 milliseconds
Build info: version: &amp;apos;2.43.1&amp;apos;, revision: &amp;apos;5163bce&amp;apos;, time: &amp;apos;2014-09-10 16:27:58&amp;apos;
System info: host: &amp;apos;Prabu-iMac.local&amp;apos;, ip: &amp;apos;10.3.0.144&amp;apos;, os.name: &amp;apos;Mac OS X&amp;apos;, os.arch: &amp;apos;x86_64&amp;apos;, os.version: &amp;apos;10.9.5&amp;apos;, java.version: &amp;apos;1.6.0_65&amp;apos;
Session ID: a939f551ac702bbd86d924dfb6e1e4d4
Driver info: org.openqa.selenium.chrome.ChromeDriver
Capabilities [{platform=MAC, acceptSslCerts=true, javascriptEnabled=true, browserName=chrome, chrome={userDataDir=/var/folders/2h/t6xhcp2137z2cpkc9_qkjmwh0000gn/T/.org.chromium.Chromium.W45VOY}, rotatable=false, locationContextEnabled=true, mobileEmulationEnabled=false, version=40.0.2214.111, takesHeapSnapshot=true, cssSelectorsEnabled=true, databaseEnabled=false, handlesAlerts=true, browserConnectionEnabled=false, nativeEvents=true, webStorageEnabled=true, applicationCacheEnabled=false, takesScreenshot=true}]">
      <![CDATA[org.openqa.selenium.WebDriverException: unknown error: Element is not clickable at point (124, 40). Other element would receive the click: <div class="progressing show_active">...</div>
  (Session info: chrome=40.0.2214.111)
  (Driver info: chromedriver=2.12.301326 (093c7e07b4a916b690e784b0374c7f618f1ea4be),platform=Mac OS X 10.9.5 x86_64) (WARNING: The server did not provide any stacktrace information)
Command duration or timeout: 10 milliseconds
Build info: version: '2.43.1', revision: '5163bce', time: '2014-09-10 16:27:58'
System info: host: 'Prabu-iMac.local', ip: '10.3.0.144', os.name: 'Mac OS X', os.arch: 'x86_64', os.version: '10.9.5', java.version: '1.6.0_65'
Session ID: a939f551ac702bbd86d924dfb6e1e4d4
Driver info: org.openqa.selenium.chrome.ChromeDriver
Capabilities [{platform=MAC, acceptSslCerts=true, javascriptEnabled=true, browserName=chrome, chrome={userDataDir=/var/folders/2h/t6xhcp2137z2cpkc9_qkjmwh0000gn/T/.org.chromium.Chromium.W45VOY}, rotatable=false, locationContextEnabled=true, mobileEmulationEnabled=false, version=40.0.2214.111, takesHeapSnapshot=true, cssSelectorsEnabled=true, databaseEnabled=false, handlesAlerts=true, browserConnectionEnabled=false, nativeEvents=true, webStorageEnabled=true, applicationCacheEnabled=false, takesScreenshot=true}]
	at org.openqa.selenium.remote.ErrorHandler.createThrowable(ErrorHandler.java:204)
	at org.openqa.selenium.remote.ErrorHandler.throwIfResponseFailed(ErrorHandler.java:156)
	at org.openqa.selenium.remote.RemoteWebDriver.execute(RemoteWebDriver.java:599)
	at org.openqa.selenium.remote.RemoteWebElement.execute(RemoteWebElement.java:268)
	at org.openqa.selenium.remote.RemoteWebElement.click(RemoteWebElement.java:79)
	at com.bnpp.source.Zoomit.zoomitHistory(Zoomit.java:1116)
... Removed 28 stack frames]]>
    </failure>
  </testcase> <!-- zoomitHistory -->
  <testcase name="zoomitSearch" time="0.014" classname="com.bnpp.source.Zoomit">
    <failure type="org.openqa.selenium.WebDriverException" message="unknown error: Element is not clickable at point (124, 40). Other element would receive the click: &amp;lt;div class=&amp;quot;progressing show_active&amp;quot;&amp;gt;...&amp;lt;/div&amp;gt;
  (Session info: chrome=40.0.2214.111)
  (Driver info: chromedriver=2.12.301326 (093c7e07b4a916b690e784b0374c7f618f1ea4be),platform=Mac OS X 10.9.5 x86_64) (WARNING: The server did not provide any stacktrace information)
Command duration or timeout: 10 milliseconds
Build info: version: &amp;apos;2.43.1&amp;apos;, revision: &amp;apos;5163bce&amp;apos;, time: &amp;apos;2014-09-10 16:27:58&amp;apos;
System info: host: &amp;apos;Prabu-iMac.local&amp;apos;, ip: &amp;apos;10.3.0.144&amp;apos;, os.name: &amp;apos;Mac OS X&amp;apos;, os.arch: &amp;apos;x86_64&amp;apos;, os.version: &amp;apos;10.9.5&amp;apos;, java.version: &amp;apos;1.6.0_65&amp;apos;
Session ID: a939f551ac702bbd86d924dfb6e1e4d4
Driver info: org.openqa.selenium.chrome.ChromeDriver
Capabilities [{platform=MAC, acceptSslCerts=true, javascriptEnabled=true, browserName=chrome, chrome={userDataDir=/var/folders/2h/t6xhcp2137z2cpkc9_qkjmwh0000gn/T/.org.chromium.Chromium.W45VOY}, rotatable=false, locationContextEnabled=true, mobileEmulationEnabled=false, version=40.0.2214.111, takesHeapSnapshot=true, cssSelectorsEnabled=true, databaseEnabled=false, handlesAlerts=true, browserConnectionEnabled=false, nativeEvents=true, webStorageEnabled=true, applicationCacheEnabled=false, takesScreenshot=true}]">
      <![CDATA[org.openqa.selenium.WebDriverException: unknown error: Element is not clickable at point (124, 40). Other element would receive the click: <div class="progressing show_active">...</div>
  (Session info: chrome=40.0.2214.111)
  (Driver info: chromedriver=2.12.301326 (093c7e07b4a916b690e784b0374c7f618f1ea4be),platform=Mac OS X 10.9.5 x86_64) (WARNING: The server did not provide any stacktrace information)
Command duration or timeout: 10 milliseconds
Build info: version: '2.43.1', revision: '5163bce', time: '2014-09-10 16:27:58'
System info: host: 'Prabu-iMac.local', ip: '10.3.0.144', os.name: 'Mac OS X', os.arch: 'x86_64', os.version: '10.9.5', java.version: '1.6.0_65'
Session ID: a939f551ac702bbd86d924dfb6e1e4d4
Driver info: org.openqa.selenium.chrome.ChromeDriver
Capabilities [{platform=MAC, acceptSslCerts=true, javascriptEnabled=true, browserName=chrome, chrome={userDataDir=/var/folders/2h/t6xhcp2137z2cpkc9_qkjmwh0000gn/T/.org.chromium.Chromium.W45VOY}, rotatable=false, locationContextEnabled=true, mobileEmulationEnabled=false, version=40.0.2214.111, takesHeapSnapshot=true, cssSelectorsEnabled=true, databaseEnabled=false, handlesAlerts=true, browserConnectionEnabled=false, nativeEvents=true, webStorageEnabled=true, applicationCacheEnabled=false, takesScreenshot=true}]
	at org.openqa.selenium.remote.ErrorHandler.createThrowable(ErrorHandler.java:204)
	at org.openqa.selenium.remote.ErrorHandler.throwIfResponseFailed(ErrorHandler.java:156)
	at org.openqa.selenium.remote.RemoteWebDriver.execute(RemoteWebDriver.java:599)
	at org.openqa.selenium.remote.RemoteWebElement.execute(RemoteWebElement.java:268)
	at org.openqa.selenium.remote.RemoteWebElement.click(RemoteWebElement.java:79)
	at com.bnpp.source.Zoomit.zoomitSearch(Zoomit.java:1432)
... Removed 28 stack frames]]>
    </failure>
  </testcase> <!-- zoomitSearch -->
  <testcase name="zoomitSearch1" time="0.015" classname="com.bnpp.source.Zoomit">
    <failure type="org.openqa.selenium.WebDriverException" message="unknown error: Element is not clickable at point (124, 40). Other element would receive the click: &amp;lt;div class=&amp;quot;progressing show_active&amp;quot;&amp;gt;...&amp;lt;/div&amp;gt;
  (Session info: chrome=40.0.2214.111)
  (Driver info: chromedriver=2.12.301326 (093c7e07b4a916b690e784b0374c7f618f1ea4be),platform=Mac OS X 10.9.5 x86_64) (WARNING: The server did not provide any stacktrace information)
Command duration or timeout: 10 milliseconds
Build info: version: &amp;apos;2.43.1&amp;apos;, revision: &amp;apos;5163bce&amp;apos;, time: &amp;apos;2014-09-10 16:27:58&amp;apos;
System info: host: &amp;apos;Prabu-iMac.local&amp;apos;, ip: &amp;apos;10.3.0.144&amp;apos;, os.name: &amp;apos;Mac OS X&amp;apos;, os.arch: &amp;apos;x86_64&amp;apos;, os.version: &amp;apos;10.9.5&amp;apos;, java.version: &amp;apos;1.6.0_65&amp;apos;
Session ID: a939f551ac702bbd86d924dfb6e1e4d4
Driver info: org.openqa.selenium.chrome.ChromeDriver
Capabilities [{platform=MAC, acceptSslCerts=true, javascriptEnabled=true, browserName=chrome, chrome={userDataDir=/var/folders/2h/t6xhcp2137z2cpkc9_qkjmwh0000gn/T/.org.chromium.Chromium.W45VOY}, rotatable=false, locationContextEnabled=true, mobileEmulationEnabled=false, version=40.0.2214.111, takesHeapSnapshot=true, cssSelectorsEnabled=true, databaseEnabled=false, handlesAlerts=true, browserConnectionEnabled=false, nativeEvents=true, webStorageEnabled=true, applicationCacheEnabled=false, takesScreenshot=true}]">
      <![CDATA[org.openqa.selenium.WebDriverException: unknown error: Element is not clickable at point (124, 40). Other element would receive the click: <div class="progressing show_active">...</div>
  (Session info: chrome=40.0.2214.111)
  (Driver info: chromedriver=2.12.301326 (093c7e07b4a916b690e784b0374c7f618f1ea4be),platform=Mac OS X 10.9.5 x86_64) (WARNING: The server did not provide any stacktrace information)
Command duration or timeout: 10 milliseconds
Build info: version: '2.43.1', revision: '5163bce', time: '2014-09-10 16:27:58'
System info: host: 'Prabu-iMac.local', ip: '10.3.0.144', os.name: 'Mac OS X', os.arch: 'x86_64', os.version: '10.9.5', java.version: '1.6.0_65'
Session ID: a939f551ac702bbd86d924dfb6e1e4d4
Driver info: org.openqa.selenium.chrome.ChromeDriver
Capabilities [{platform=MAC, acceptSslCerts=true, javascriptEnabled=true, browserName=chrome, chrome={userDataDir=/var/folders/2h/t6xhcp2137z2cpkc9_qkjmwh0000gn/T/.org.chromium.Chromium.W45VOY}, rotatable=false, locationContextEnabled=true, mobileEmulationEnabled=false, version=40.0.2214.111, takesHeapSnapshot=true, cssSelectorsEnabled=true, databaseEnabled=false, handlesAlerts=true, browserConnectionEnabled=false, nativeEvents=true, webStorageEnabled=true, applicationCacheEnabled=false, takesScreenshot=true}]
	at org.openqa.selenium.remote.ErrorHandler.createThrowable(ErrorHandler.java:204)
	at org.openqa.selenium.remote.ErrorHandler.throwIfResponseFailed(ErrorHandler.java:156)
	at org.openqa.selenium.remote.RemoteWebDriver.execute(RemoteWebDriver.java:599)
	at org.openqa.selenium.remote.RemoteWebElement.execute(RemoteWebElement.java:268)
	at org.openqa.selenium.remote.RemoteWebElement.click(RemoteWebElement.java:79)
	at com.bnpp.source.Zoomit.zoomitSearch1(Zoomit.java:1503)
... Removed 28 stack frames]]>
    </failure>
  </testcase> <!-- zoomitSearch1 -->
</testsuite> <!-- Regression Test Suite -->
